-------------------------------------------------------------------------------
Test set: org.springframework.samples.petclinic.web.OwnerControllerTests
-------------------------------------------------------------------------------
Tests run: 11, Failures: 2, Errors: 0, Skipped: 0, Time elapsed: 0.271 s <<< FAILURE! - in org.springframework.samples.petclinic.web.OwnerControllerTests
testProcessUpdateOwnerFormHasErrors  Time elapsed: 0.016 s  <<< FAILURE!
java.lang.AssertionError: Status expected:<200> but was:<302>
	at org.springframework.samples.petclinic.web.OwnerControllerTests.testProcessUpdateOwnerFormHasErrors(OwnerControllerTests.java:164)

testProcessCreationFormHasErrors  Time elapsed: 0.011 s  <<< FAILURE!
java.lang.AssertionError: Status expected:<200> but was:<302>
	at org.springframework.samples.petclinic.web.OwnerControllerTests.testProcessCreationFormHasErrors(OwnerControllerTests.java:85)

